05-Oct-2021 23:25:51.941 INFO [main] org.apache.catalina.startup.VersionLoggerListener.log Server version name:   Apache Tomcat/9.0.52
05-Oct-2021 23:25:51.945 INFO [main] org.apache.catalina.startup.VersionLoggerListener.log Server built:          Jul 31 2021 04:12:17 UTC
05-Oct-2021 23:25:51.945 INFO [main] org.apache.catalina.startup.VersionLoggerListener.log Server version number: 9.0.52.0
05-Oct-2021 23:25:51.945 INFO [main] org.apache.catalina.startup.VersionLoggerListener.log OS Name:               Windows 10
05-Oct-2021 23:25:51.945 INFO [main] org.apache.catalina.startup.VersionLoggerListener.log OS Version:            10.0
05-Oct-2021 23:25:51.946 INFO [main] org.apache.catalina.startup.VersionLoggerListener.log Architecture:          amd64
05-Oct-2021 23:25:51.946 INFO [main] org.apache.catalina.startup.VersionLoggerListener.log Java Home:             C:\Program Files\Java\jdk-11.0.10
05-Oct-2021 23:25:51.947 INFO [main] org.apache.catalina.startup.VersionLoggerListener.log JVM Version:           11.0.10+8-LTS-162
05-Oct-2021 23:25:51.947 INFO [main] org.apache.catalina.startup.VersionLoggerListener.log JVM Vendor:            Oracle Corporation
05-Oct-2021 23:25:51.947 INFO [main] org.apache.catalina.startup.VersionLoggerListener.log CATALINA_BASE:         C:\tomcat
05-Oct-2021 23:25:51.947 INFO [main] org.apache.catalina.startup.VersionLoggerListener.log CATALINA_HOME:         C:\tomcat
05-Oct-2021 23:25:51.973 INFO [main] org.apache.catalina.startup.VersionLoggerListener.log Command line argument: --add-opens=java.base/java.lang=ALL-UNNAMED
05-Oct-2021 23:25:51.974 INFO [main] org.apache.catalina.startup.VersionLoggerListener.log Command line argument: --add-opens=java.base/java.io=ALL-UNNAMED
05-Oct-2021 23:25:51.974 INFO [main] org.apache.catalina.startup.VersionLoggerListener.log Command line argument: --add-opens=java.base/java.util=ALL-UNNAMED
05-Oct-2021 23:25:51.974 INFO [main] org.apache.catalina.startup.VersionLoggerListener.log Command line argument: --add-opens=java.base/java.util.concurrent=ALL-UNNAMED
05-Oct-2021 23:25:51.975 INFO [main] org.apache.catalina.startup.VersionLoggerListener.log Command line argument: --add-opens=java.rmi/sun.rmi.transport=ALL-UNNAMED
05-Oct-2021 23:25:51.975 INFO [main] org.apache.catalina.startup.VersionLoggerListener.log Command line argument: -Djava.util.logging.config.file=C:\tomcat\conf\logging.properties
05-Oct-2021 23:25:51.975 INFO [main] org.apache.catalina.startup.VersionLoggerListener.log Command line argument: -Djava.util.logging.manager=org.apache.juli.ClassLoaderLogManager
05-Oct-2021 23:25:51.975 INFO [main] org.apache.catalina.startup.VersionLoggerListener.log Command line argument: -Djdk.tls.ephemeralDHKeySize=2048
05-Oct-2021 23:25:51.975 INFO [main] org.apache.catalina.startup.VersionLoggerListener.log Command line argument: -Djava.protocol.handler.pkgs=org.apache.catalina.webresources
05-Oct-2021 23:25:51.976 INFO [main] org.apache.catalina.startup.VersionLoggerListener.log Command line argument: -Dignore.endorsed.dirs=
05-Oct-2021 23:25:51.976 INFO [main] org.apache.catalina.startup.VersionLoggerListener.log Command line argument: -Dcatalina.base=C:\tomcat
05-Oct-2021 23:25:51.976 INFO [main] org.apache.catalina.startup.VersionLoggerListener.log Command line argument: -Dcatalina.home=C:\tomcat
05-Oct-2021 23:25:51.976 INFO [main] org.apache.catalina.startup.VersionLoggerListener.log Command line argument: -Djava.io.tmpdir=C:\tomcat\temp
05-Oct-2021 23:25:51.982 INFO [main] org.apache.catalina.core.AprLifecycleListener.lifecycleEvent Loaded Apache Tomcat Native library [1.2.30] using APR version [1.7.0].
05-Oct-2021 23:25:51.982 INFO [main] org.apache.catalina.core.AprLifecycleListener.lifecycleEvent APR capabilities: IPv6 [true], sendfile [true], accept filters [false], random [true], UDS [true].
05-Oct-2021 23:25:51.982 INFO [main] org.apache.catalina.core.AprLifecycleListener.lifecycleEvent APR/OpenSSL configuration: useAprConnector [false], useOpenSSL [true]
05-Oct-2021 23:25:51.988 INFO [main] org.apache.catalina.core.AprLifecycleListener.initializeSSL OpenSSL successfully initialized [OpenSSL 1.1.1k  25 Mar 2021]
05-Oct-2021 23:25:52.408 INFO [main] org.apache.coyote.AbstractProtocol.init Initializing ProtocolHandler ["http-nio-8080"]
05-Oct-2021 23:25:52.457 INFO [main] org.apache.catalina.startup.Catalina.load Server initialization in [805] milliseconds
05-Oct-2021 23:25:52.557 INFO [main] org.apache.catalina.core.StandardService.startInternal Starting service [Catalina]
05-Oct-2021 23:25:52.557 INFO [main] org.apache.catalina.core.StandardEngine.startInternal Starting Servlet engine: [Apache Tomcat/9.0.52]
05-Oct-2021 23:25:52.574 INFO [main] org.apache.catalina.startup.HostConfig.deployDirectory Deploying web application directory [C:\tomcat\webapps\docs]
05-Oct-2021 23:25:53.069 WARNING [main] org.apache.catalina.util.SessionIdGeneratorBase.createSecureRandom Creation of SecureRandom instance for session ID generation using [SHA1PRNG] took [225] milliseconds.
05-Oct-2021 23:25:53.117 INFO [main] org.apache.catalina.startup.HostConfig.deployDirectory Deployment of web application directory [C:\tomcat\webapps\docs] has finished in [542] ms
05-Oct-2021 23:25:53.117 INFO [main] org.apache.catalina.startup.HostConfig.deployDirectory Deploying web application directory [C:\tomcat\webapps\examples]
05-Oct-2021 23:25:53.579 INFO [main] org.apache.catalina.startup.HostConfig.deployDirectory Deployment of web application directory [C:\tomcat\webapps\examples] has finished in [461] ms
05-Oct-2021 23:25:53.579 INFO [main] org.apache.catalina.startup.HostConfig.deployDirectory Deploying web application directory [C:\tomcat\webapps\host-manager]
05-Oct-2021 23:25:53.622 INFO [main] org.apache.catalina.startup.HostConfig.deployDirectory Deployment of web application directory [C:\tomcat\webapps\host-manager] has finished in [43] ms
05-Oct-2021 23:25:53.623 INFO [main] org.apache.catalina.startup.HostConfig.deployDirectory Deploying web application directory [C:\tomcat\webapps\manager]
05-Oct-2021 23:25:53.659 INFO [main] org.apache.catalina.startup.HostConfig.deployDirectory Deployment of web application directory [C:\tomcat\webapps\manager] has finished in [36] ms
05-Oct-2021 23:25:53.660 INFO [main] org.apache.catalina.startup.HostConfig.deployDirectory Deploying web application directory [C:\tomcat\webapps\ROOT]
05-Oct-2021 23:25:53.687 INFO [main] org.apache.catalina.startup.HostConfig.deployDirectory Deployment of web application directory [C:\tomcat\webapps\ROOT] has finished in [27] ms
05-Oct-2021 23:25:53.694 INFO [main] org.apache.coyote.AbstractProtocol.start Starting ProtocolHandler ["http-nio-8080"]
05-Oct-2021 23:25:53.935 INFO [main] org.apache.catalina.startup.Catalina.start Server startup in [1478] milliseconds
05-Oct-2021 23:29:24.009 INFO [Catalina-utility-2] org.apache.catalina.startup.HostConfig.deployDirectory Deploying web application directory [C:\tomcat\webapps\app]
05-Oct-2021 23:29:24.083 INFO [Catalina-utility-2] org.apache.catalina.startup.HostConfig.deployDirectory Deployment of web application directory [C:\tomcat\webapps\app] has finished in [74] ms
05-Oct-2021 23:37:31.946 INFO [Thread-2] org.apache.coyote.AbstractProtocol.pause Pausing ProtocolHandler ["http-nio-8080"]
05-Oct-2021 23:37:32.300 INFO [Thread-2] org.apache.catalina.core.StandardService.stopInternal Stopping service [Catalina]
05-Oct-2021 23:37:32.346 INFO [Thread-2] org.apache.coyote.AbstractProtocol.stop Stopping ProtocolHandler ["http-nio-8080"]
05-Oct-2021 23:37:32.356 INFO [Thread-2] org.apache.coyote.AbstractProtocol.destroy Destroying ProtocolHandler ["http-nio-8080"]
05-Oct-2021 23:38:21.918 SEVERE [main] org.apache.catalina.startup.Catalina.stopServer Could not contact [localhost:8005] (base port [8005] and offset [0]). Tomcat may not be running.
05-Oct-2021 23:38:38.014 INFO [main] org.apache.catalina.startup.VersionLoggerListener.log Server version name:   Apache Tomcat/9.0.52
05-Oct-2021 23:38:38.017 INFO [main] org.apache.catalina.startup.VersionLoggerListener.log Server built:          Jul 31 2021 04:12:17 UTC
05-Oct-2021 23:38:38.018 INFO [main] org.apache.catalina.startup.VersionLoggerListener.log Server version number: 9.0.52.0
05-Oct-2021 23:38:38.018 INFO [main] org.apache.catalina.startup.VersionLoggerListener.log OS Name:               Windows 10
05-Oct-2021 23:38:38.018 INFO [main] org.apache.catalina.startup.VersionLoggerListener.log OS Version:            10.0
05-Oct-2021 23:38:38.018 INFO [main] org.apache.catalina.startup.VersionLoggerListener.log Architecture:          amd64
05-Oct-2021 23:38:38.018 INFO [main] org.apache.catalina.startup.VersionLoggerListener.log Java Home:             C:\Program Files\Java\jdk-11.0.10
05-Oct-2021 23:38:38.019 INFO [main] org.apache.catalina.startup.VersionLoggerListener.log JVM Version:           11.0.10+8-LTS-162
05-Oct-2021 23:38:38.019 INFO [main] org.apache.catalina.startup.VersionLoggerListener.log JVM Vendor:            Oracle Corporation
05-Oct-2021 23:38:38.019 INFO [main] org.apache.catalina.startup.VersionLoggerListener.log CATALINA_BASE:         C:\tomcat
05-Oct-2021 23:38:38.019 INFO [main] org.apache.catalina.startup.VersionLoggerListener.log CATALINA_HOME:         C:\tomcat
05-Oct-2021 23:38:38.032 INFO [main] org.apache.catalina.startup.VersionLoggerListener.log Command line argument: --add-opens=java.base/java.lang=ALL-UNNAMED
05-Oct-2021 23:38:38.032 INFO [main] org.apache.catalina.startup.VersionLoggerListener.log Command line argument: --add-opens=java.base/java.io=ALL-UNNAMED
05-Oct-2021 23:38:38.032 INFO [main] org.apache.catalina.startup.VersionLoggerListener.log Command line argument: --add-opens=java.base/java.util=ALL-UNNAMED
05-Oct-2021 23:38:38.032 INFO [main] org.apache.catalina.startup.VersionLoggerListener.log Command line argument: --add-opens=java.base/java.util.concurrent=ALL-UNNAMED
05-Oct-2021 23:38:38.032 INFO [main] org.apache.catalina.startup.VersionLoggerListener.log Command line argument: --add-opens=java.rmi/sun.rmi.transport=ALL-UNNAMED
05-Oct-2021 23:38:38.033 INFO [main] org.apache.catalina.startup.VersionLoggerListener.log Command line argument: -Djava.util.logging.config.file=C:\tomcat\conf\logging.properties
05-Oct-2021 23:38:38.034 INFO [main] org.apache.catalina.startup.VersionLoggerListener.log Command line argument: -Djava.util.logging.manager=org.apache.juli.ClassLoaderLogManager
05-Oct-2021 23:38:38.034 INFO [main] org.apache.catalina.startup.VersionLoggerListener.log Command line argument: -Djdk.tls.ephemeralDHKeySize=2048
05-Oct-2021 23:38:38.035 INFO [main] org.apache.catalina.startup.VersionLoggerListener.log Command line argument: -Djava.protocol.handler.pkgs=org.apache.catalina.webresources
05-Oct-2021 23:38:38.035 INFO [main] org.apache.catalina.startup.VersionLoggerListener.log Command line argument: -Dignore.endorsed.dirs=
05-Oct-2021 23:38:38.036 INFO [main] org.apache.catalina.startup.VersionLoggerListener.log Command line argument: -Dcatalina.base=C:\tomcat
05-Oct-2021 23:38:38.036 INFO [main] org.apache.catalina.startup.VersionLoggerListener.log Command line argument: -Dcatalina.home=C:\tomcat
05-Oct-2021 23:38:38.037 INFO [main] org.apache.catalina.startup.VersionLoggerListener.log Command line argument: -Djava.io.tmpdir=C:\tomcat\temp
05-Oct-2021 23:38:38.042 INFO [main] org.apache.catalina.core.AprLifecycleListener.lifecycleEvent Loaded Apache Tomcat Native library [1.2.30] using APR version [1.7.0].
05-Oct-2021 23:38:38.043 INFO [main] org.apache.catalina.core.AprLifecycleListener.lifecycleEvent APR capabilities: IPv6 [true], sendfile [true], accept filters [false], random [true], UDS [true].
05-Oct-2021 23:38:38.044 INFO [main] org.apache.catalina.core.AprLifecycleListener.lifecycleEvent APR/OpenSSL configuration: useAprConnector [false], useOpenSSL [true]
05-Oct-2021 23:38:38.052 INFO [main] org.apache.catalina.core.AprLifecycleListener.initializeSSL OpenSSL successfully initialized [OpenSSL 1.1.1k  25 Mar 2021]
05-Oct-2021 23:38:38.412 INFO [main] org.apache.coyote.AbstractProtocol.init Initializing ProtocolHandler ["http-nio-8080"]
05-Oct-2021 23:38:38.453 INFO [main] org.apache.catalina.startup.Catalina.load Server initialization in [735] milliseconds
05-Oct-2021 23:38:38.538 INFO [main] org.apache.catalina.core.StandardService.startInternal Starting service [Catalina]
05-Oct-2021 23:38:38.539 INFO [main] org.apache.catalina.core.StandardEngine.startInternal Starting Servlet engine: [Apache Tomcat/9.0.52]
05-Oct-2021 23:38:38.560 INFO [main] org.apache.catalina.startup.HostConfig.deployDirectory Deploying web application directory [C:\tomcat\webapps\app]
05-Oct-2021 23:38:39.147 WARNING [main] org.apache.catalina.util.SessionIdGeneratorBase.createSecureRandom Creation of SecureRandom instance for session ID generation using [SHA1PRNG] took [260] milliseconds.
05-Oct-2021 23:38:39.180 INFO [main] org.apache.catalina.startup.HostConfig.deployDirectory Deployment of web application directory [C:\tomcat\webapps\app] has finished in [621] ms
05-Oct-2021 23:38:39.181 INFO [main] org.apache.catalina.startup.HostConfig.deployDirectory Deploying web application directory [C:\tomcat\webapps\docs]
05-Oct-2021 23:38:39.221 INFO [main] org.apache.catalina.startup.HostConfig.deployDirectory Deployment of web application directory [C:\tomcat\webapps\docs] has finished in [39] ms
05-Oct-2021 23:38:39.222 INFO [main] org.apache.catalina.startup.HostConfig.deployDirectory Deploying web application directory [C:\tomcat\webapps\examples]
05-Oct-2021 23:38:39.768 INFO [main] org.apache.catalina.startup.HostConfig.deployDirectory Deployment of web application directory [C:\tomcat\webapps\examples] has finished in [547] ms
05-Oct-2021 23:38:39.769 INFO [main] org.apache.catalina.startup.HostConfig.deployDirectory Deploying web application directory [C:\tomcat\webapps\host-manager]
05-Oct-2021 23:38:39.836 INFO [main] org.apache.catalina.startup.HostConfig.deployDirectory Deployment of web application directory [C:\tomcat\webapps\host-manager] has finished in [66] ms
05-Oct-2021 23:38:39.836 INFO [main] org.apache.catalina.startup.HostConfig.deployDirectory Deploying web application directory [C:\tomcat\webapps\manager]
05-Oct-2021 23:38:39.910 INFO [main] org.apache.catalina.startup.HostConfig.deployDirectory Deployment of web application directory [C:\tomcat\webapps\manager] has finished in [74] ms
05-Oct-2021 23:38:39.911 INFO [main] org.apache.catalina.startup.HostConfig.deployDirectory Deploying web application directory [C:\tomcat\webapps\ROOT]
05-Oct-2021 23:38:39.963 INFO [main] org.apache.catalina.startup.HostConfig.deployDirectory Deployment of web application directory [C:\tomcat\webapps\ROOT] has finished in [52] ms
05-Oct-2021 23:38:39.971 INFO [main] org.apache.coyote.AbstractProtocol.start Starting ProtocolHandler ["http-nio-8080"]
05-Oct-2021 23:38:40.253 INFO [main] org.apache.catalina.startup.Catalina.start Server startup in [1800] milliseconds
